<?xml version="1.0" encoding="UTF-8"?>
<testng-results ignored="0" total="5" passed="5" failed="0" skipped="0">
  <reporter-output>
  </reporter-output>
  <suite started-at="2023-08-04T03:09:21 IST" name="Suite" finished-at="2023-08-04T03:10:21 IST" duration-ms="59080">
    <groups>
    </groups>
    <test started-at="2023-08-04T03:09:21 IST" name="Test" finished-at="2023-08-04T03:10:21 IST" duration-ms="59080">
      <class name="com.aadhar.CitizenTestRegister">
        <test-method is-config="true" signature="setup()[pri:0, instance:com.aadhar.CitizenTestRegister@202b0582]" started-at="2023-08-04T03:09:45 IST" name="setup" finished-at="2023-08-04T03:09:48 IST" duration-ms="3029" status="PASS">
          <reporter-output>
          </reporter-output>
        </test-method> <!-- setup -->
        <test-method signature="RegisterCitizen()[pri:1, instance:com.aadhar.CitizenTestRegister@202b0582]" started-at="2023-08-04T03:09:48 IST" name="RegisterCitizen" finished-at="2023-08-04T03:10:07 IST" duration-ms="18888" status="PASS">
          <reporter-output>
          </reporter-output>
        </test-method> <!-- RegisterCitizen -->
        <test-method is-config="true" signature="quit()[pri:0, instance:com.aadhar.CitizenTestRegister@202b0582]" started-at="2023-08-04T03:10:07 IST" name="quit" finished-at="2023-08-04T03:10:10 IST" duration-ms="2379" status="PASS">
          <reporter-output>
          </reporter-output>
        </test-method> <!-- quit -->
      </class> <!-- com.aadhar.CitizenTestRegister -->
      <class name="com.aadhar.AdminTestLogin">
        <test-method is-config="true" signature="setup()[pri:0, instance:com.aadhar.AdminTestLogin@3b0fe47a]" started-at="2023-08-04T03:09:33 IST" name="setup" finished-at="2023-08-04T03:09:36 IST" duration-ms="3063" status="PASS">
          <reporter-output>
          </reporter-output>
        </test-method> <!-- setup -->
        <test-method signature="Login()[pri:0, instance:com.aadhar.AdminTestLogin@3b0fe47a]" started-at="2023-08-04T03:09:36 IST" name="Login" finished-at="2023-08-04T03:09:45 IST" duration-ms="8883" status="PASS">
          <reporter-output>
          </reporter-output>
        </test-method> <!-- Login -->
      </class> <!-- com.aadhar.AdminTestLogin -->
      <class name="com.aadhar.AdminTestRegister">
        <test-method is-config="true" signature="setup()[pri:0, instance:com.aadhar.AdminTestRegister@5d0bf09b]" started-at="2023-08-04T03:09:21 IST" name="setup" finished-at="2023-08-04T03:09:24 IST" duration-ms="2945" status="PASS">
          <reporter-output>
          </reporter-output>
        </test-method> <!-- setup -->
        <test-method signature="Register()[pri:0, instance:com.aadhar.AdminTestRegister@5d0bf09b]" started-at="2023-08-04T03:09:24 IST" name="Register" finished-at="2023-08-04T03:09:33 IST" duration-ms="8945" status="PASS">
          <reporter-output>
          </reporter-output>
        </test-method> <!-- Register -->
      </class> <!-- com.aadhar.AdminTestRegister -->
      <class name="com.aadhar.CitizenTestLogin">
        <test-method signature="ChromeBrowser()[pri:0, instance:com.aadhar.CitizenTestLogin@235ecd9f]" started-at="2023-08-04T03:10:10 IST" name="ChromeBrowser" finished-at="2023-08-04T03:10:12 IST" duration-ms="2106" status="PASS">
          <reporter-output>
          </reporter-output>
        </test-method> <!-- ChromeBrowser -->
        <test-method signature="CitizenCheck()[pri:0, instance:com.aadhar.CitizenTestLogin@235ecd9f]" started-at="2023-08-04T03:10:12 IST" name="CitizenCheck" finished-at="2023-08-04T03:10:21 IST" duration-ms="8809" status="PASS">
          <reporter-output>
          </reporter-output>
        </test-method> <!-- CitizenCheck -->
      </class> <!-- com.aadhar.CitizenTestLogin -->
    </test> <!-- Test -->
  </suite> <!-- Suite -->
</testng-results>
