<?xml version="1.0" encoding="UTF-8"?>
<!-- Generated by org.testng.reporters.JUnitXMLReporter -->
<testsuite ignored="0" hostname="LAPTOP-AICB0VOH" failures="0" tests="5" name="Test" time="59.08" errors="0" timestamp="2023-08-04T03:10:21 IST">
  <testcase classname="com.aadhar.AdminTestRegister" name="Register" time="8.945"/>
  <testcase classname="com.aadhar.AdminTestLogin" name="Login" time="8.883"/>
  <testcase classname="com.aadhar.CitizenTestRegister" name="RegisterCitizen" time="18.888"/>
  <testcase classname="com.aadhar.CitizenTestLogin" name="ChromeBrowser" time="2.106"/>
  <testcase classname="com.aadhar.CitizenTestLogin" name="CitizenCheck" time="8.809"/>
</testsuite> <!-- Test -->
